<?xml version="1.0" encoding="UTF-8"?>
<!-- Generated by org.testng.reporters.JUnitReportReporter -->
<testsuite hostname="DESKTOP-GUS7JA0" failures="0" tests="1" name="com.automationexercise.test.AddProductInCartTest" time="27.465" errors="0" timestamp="2024-03-18T00:49:19 IST" skipped="0">
  <testcase classname="com.automationexercise.test.AddProductInCartTest" name="addProductInCart" time="27.465"/>
</testsuite> <!-- com.automationexercise.test.AddProductInCartTest -->
