<?xml version="1.0" encoding="UTF-8"?>
<!-- Generated by org.testng.reporters.JUnitReportReporter -->
<testsuite hostname="DESKTOP-GUS7JA0" failures="0" tests="1" name="com.automationexercise.test.LogOut" time="30.392" errors="0" timestamp="2024-03-17T18:37:31 IST" skipped="0">
  <testcase classname="com.automationexercise.test.LogOut" name="logOut" time="30.392"/>
</testsuite> <!-- com.automationexercise.test.LogOut -->
