<?xml version="1.0" encoding="UTF-8"?>
<!-- Generated by org.testng.reporters.JUnitReportReporter -->
<testsuite hostname="DESKTOP-GUS7JA0" failures="0" tests="2" name="com.automationexercise.test.SignUpTest" time="77.177" errors="0" timestamp="2024-03-17T15:57:18 IST" skipped="0">
  <testcase classname="com.automationexercise.test.SignUpTest" name="signUpWithExistingUser" time="41.919"/>
  <testcase classname="com.automationexercise.test.SignUpTest" name="SignUp" time="35.258"/>
</testsuite> <!-- com.automationexercise.test.SignUpTest -->
