<?xml version="1.0" encoding="UTF-8"?>
<!-- Generated by org.testng.reporters.JUnitReportReporter -->
<testsuite hostname="DESKTOP-GUS7JA0" failures="0" tests="1" name="com.automationexercise.test.SearchProductAndVerifyCartAfterLogin" time="38.645" errors="0" timestamp="2024-03-20T00:37:07 IST" skipped="0">
  <testcase classname="com.automationexercise.test.SearchProductAndVerifyCartAfterLogin" name="SearchProdAndVerifyCartAftrLogin" time="38.645"/>
</testsuite> <!-- com.automationexercise.test.SearchProductAndVerifyCartAfterLogin -->
