<?xml version="1.0" encoding="UTF-8"?>
<!-- Generated by org.testng.reporters.JUnitReportReporter -->
<testsuite hostname="DESKTOP-GUS7JA0" failures="0" tests="2" name="com.automationexercise.test.ProductDetails" time="52.523" errors="0" timestamp="2024-03-17T23:09:51 IST" skipped="0">
  <testcase classname="com.automationexercise.test.ProductDetails" name="searchProduct" time="27.740"/>
  <testcase classname="com.automationexercise.test.ProductDetails" name="ProdDetails" time="24.783"/>
</testsuite> <!-- com.automationexercise.test.ProductDetails -->
