<?xml version="1.0" encoding="UTF-8"?>
<!-- Generated by org.testng.reporters.JUnitReportReporter -->
<testsuite hostname="DESKTOP-GUS7JA0" failures="0" tests="1" name="com.automationexercise.test.TestCaesTest" time="25.040" errors="0" timestamp="2024-03-17T18:58:06 IST" skipped="0">
  <testcase classname="com.automationexercise.test.TestCaesTest" name="VerifyTCsPage" time="25.040"/>
</testsuite> <!-- com.automationexercise.test.TestCaesTest -->
