<?xml version="1.0" encoding="UTF-8"?>
<!-- Generated by org.testng.reporters.JUnitReportReporter -->
<testsuite hostname="DESKTOP-GUS7JA0" failures="0" tests="1" name="com.automationexercise.test.scrollActions" time="16.564" errors="0" timestamp="2024-03-20T01:16:45 IST" skipped="0">
  <testcase classname="com.automationexercise.test.scrollActions" name="VerifyscrollUPWithoutArrow" time="16.564"/>
</testsuite> <!-- com.automationexercise.test.scrollActions -->
