<?xml version="1.0" encoding="UTF-8"?>
<!-- Generated by org.testng.reporters.JUnitReportReporter -->
<testsuite hostname="DESKTOP-GUS7JA0" failures="0" tests="1" name="com.automationexercise.test.AddReviewOnProduct" time="22.384" errors="0" timestamp="2024-03-20T00:41:59 IST" skipped="0">
  <testcase classname="com.automationexercise.test.AddReviewOnProduct" name="AddReview" time="22.384"/>
</testsuite> <!-- com.automationexercise.test.AddReviewOnProduct -->
