<?xml version="1.0" encoding="UTF-8"?>
<!-- Generated by org.testng.reporters.JUnitReportReporter -->
<testsuite hostname="DESKTOP-GUS7JA0" failures="0" tests="1" name="com.automationexercise.test.VerifyPrDisplayedInCartWithExactQuantity" time="46.682" errors="0" timestamp="2024-03-19T22:33:19 IST" skipped="0">
  <testcase classname="com.automationexercise.test.VerifyPrDisplayedInCartWithExactQuantity" name="RemoveProductsFromCart" time="46.682"/>
</testsuite> <!-- com.automationexercise.test.VerifyPrDisplayedInCartWithExactQuantity -->
