<?xml version="1.0" encoding="UTF-8"?>
<!-- Generated by org.testng.reporters.JUnitReportReporter -->
<testsuite hostname="DESKTOP-GUS7JA0" failures="0" tests="1" name="com.automationexercise.test.VerifySubscriptionText" time="16.243" errors="0" timestamp="2024-03-17T23:16:41 IST" skipped="0">
  <testcase classname="com.automationexercise.test.VerifySubscriptionText" name="VerifySubscriptionT" time="16.243"/>
</testsuite> <!-- com.automationexercise.test.VerifySubscriptionText -->
