<?xml version="1.0" encoding="UTF-8"?>
<!-- Generated by org.testng.reporters.JUnitReportReporter -->
<testsuite hostname="DESKTOP-GUS7JA0" failures="0" tests="1" name="com.automationexercise.test.VerifyAddDetailsInCheckOutPage" time="36.227" errors="0" timestamp="2024-03-20T00:50:37 IST" skipped="0">
  <testcase classname="com.automationexercise.test.VerifyAddDetailsInCheckOutPage" name="VerifyAddDetIncheckOutPage" time="36.227"/>
</testsuite> <!-- com.automationexercise.test.VerifyAddDetailsInCheckOutPage -->
