<?xml version="1.0" encoding="UTF-8"?>
<!-- Generated by org.testng.reporters.JUnitReportReporter -->
<testsuite hostname="DESKTOP-GUS7JA0" failures="0" tests="1" name="com.automationexercise.test.AToCFromRecommendedItems" time="27.249" errors="0" timestamp="2024-03-20T00:45:56 IST" skipped="0">
  <testcase classname="com.automationexercise.test.AToCFromRecommendedItems" name="AToCFrRecItems" time="27.249"/>
</testsuite> <!-- com.automationexercise.test.AToCFromRecommendedItems -->
