<?xml version="1.0" encoding="UTF-8"?>
<!-- Generated by org.testng.reporters.JUnitReportReporter -->
<testsuite hostname="DESKTOP-GUS7JA0" failures="0" tests="1" name="com.automationexercise.test.viewCategoryProductsTest" time="27.351" errors="0" timestamp="2024-03-20T00:11:16 IST" skipped="0">
  <testcase classname="com.automationexercise.test.viewCategoryProductsTest" name="ViewAndCartBrandProducts" time="27.351"/>
</testsuite> <!-- com.automationexercise.test.viewCategoryProductsTest -->
