<?xml version="1.0" encoding="UTF-8"?>
<!-- Generated by org.testng.reporters.JUnitReportReporter -->
<testsuite hostname="DESKTOP-GUS7JA0" failures="0" tests="1" name="com.automationexercise.test.ContactUsTest" time="26.110" errors="0" timestamp="2024-03-17T18:53:39 IST" skipped="0">
  <testcase classname="com.automationexercise.test.ContactUsTest" name="ContactUsForm" time="26.110"/>
</testsuite> <!-- com.automationexercise.test.ContactUsTest -->
