<?xml version="1.0" encoding="UTF-8"?>
<!-- Generated by org.testng.reporters.JUnitReportReporter -->
<testsuite hostname="DESKTOP-GUS7JA0" failures="0" tests="1" name="com.automationexercise.test.VerifySubInCartPage" time="19.276" errors="0" timestamp="2024-03-17T23:32:56 IST" skipped="0">
  <testcase classname="com.automationexercise.test.VerifySubInCartPage" name="VeriySubscriptionInCartPage" time="19.276"/>
</testsuite> <!-- com.automationexercise.test.VerifySubInCartPage -->
